The system is: Linux - 3.10.0-1160.31.1.el7.x86_64 - x86_64
Compiling the C compiler identification source file "CMakeCCompilerId.c" succeeded.
Compiler: /global/software/sl-7.x86_64/modules/langs/gcc/12.1.0/bin/gcc 
Build flags: 
Id flags:  

The output was:
0


Compilation of the C compiler identification source "CMakeCCompilerId.c" produced "a.out"

The C compiler identification is GNU, found in "/global/home/users/pmundra/graph-dp/build/CMakeFiles/3.22.0/CompilerIdC/a.out"

Compiling the CXX compiler identification source file "CMakeCXXCompilerId.cpp" succeeded.
Compiler: /global/software/sl-7.x86_64/modules/langs/gcc/12.1.0/bin/g++ 
Build flags: 
Id flags:  

The output was:
0


Compilation of the CXX compiler identification source "CMakeCXXCompilerId.cpp" produced "a.out"

The CXX compiler identification is GNU, found in "/global/home/users/pmundra/graph-dp/build/CMakeFiles/3.22.0/CompilerIdCXX/a.out"

Detecting C compiler ABI info compiled with the following output:
Change Dir: /global/home/users/pmundra/graph-dp/build/CMakeFiles/CMakeTmp

Run Build Command(s):/global/home/groups/consultsw/sl-7.x86_64/modules/make/4.1.90/bin/gmake -f Makefile cmTC_e3f72/fast && /global/home/groups/consultsw/sl-7.x86_64/modules/make/4.1.90/bin/gmake  -f CMakeFiles/cmTC_e3f72.dir/build.make CMakeFiles/cmTC_e3f72.dir/build
gmake[1]: Entering directory '/global/home/users/pmundra/graph-dp/build/CMakeFiles/CMakeTmp'
Building C object CMakeFiles/cmTC_e3f72.dir/CMakeCCompilerABI.c.o
/global/software/sl-7.x86_64/modules/langs/gcc/12.1.0/bin/gcc   -v -o CMakeFiles/cmTC_e3f72.dir/CMakeCCompilerABI.c.o -c /global/home/groups/consultsw/sl-7.x86_64/modules/cmake/3.22.0/share/cmake-3.22/Modules/CMakeCCompilerABI.c
Using built-in specs.
COLLECT_GCC=/global/software/sl-7.x86_64/modules/langs/gcc/12.1.0/bin/gcc
Target: x86_64-pc-linux-gnu
Configured with: ./configure --prefix=/global/software/sl-7.x86_64/modules/langs/gcc/12.1.0 --disable-multilib
Thread model: posix
Supported LTO compression algorithms: zlib
gcc version 12.1.0 (GCC) 
COLLECT_GCC_OPTIONS='-v' '-o' 'CMakeFiles/cmTC_e3f72.dir/CMakeCCompilerABI.c.o' '-c' '-mtune=generic' '-march=x86-64' '-dumpdir' 'CMakeFiles/cmTC_e3f72.dir/'
 /global/software/sl-7.x86_64/modules/langs/gcc/12.1.0/libexec/gcc/x86_64-pc-linux-gnu/12.1.0/cc1 -quiet -v /global/home/groups/consultsw/sl-7.x86_64/modules/cmake/3.22.0/share/cmake-3.22/Modules/CMakeCCompilerABI.c -quiet -dumpdir CMakeFiles/cmTC_e3f72.dir/ -dumpbase CMakeCCompilerABI.c.c -dumpbase-ext .c -mtune=generic -march=x86-64 -version -o /tmp/cc6yDCSK.s
GNU C17 (GCC) version 12.1.0 (x86_64-pc-linux-gnu)
	compiled by GNU C version 12.1.0, GMP version 6.0.0, MPFR version 3.1.1, MPC version 1.0.1, isl version none
GGC heuristics: --param ggc-min-expand=100 --param ggc-min-heapsize=131072
ignoring nonexistent directory "/global/software/sl-7.x86_64/modules/langs/gcc/12.1.0/lib/gcc/x86_64-pc-linux-gnu/12.1.0/../../../../x86_64-pc-linux-gnu/include"
ignoring duplicate directory "/global/software/sl-7.x86_64/modules/langs/gcc/12.1.0/include"
  as it is a non-system directory that duplicates a system directory
ignoring nonexistent directory "/global/home/groups/consultsw/sl-7.x86_64/modules/cmake/3.22.0//include"
#include "..." search starts here:
#include <...> search starts here:
 /global/software/sl-7.x86_64/modules/gcc/12.1.0/openmpi/4.1.4/include
 /global/home/groups/consultsw/sl-7.x86_64/modules/make/4.1.90//include
 /global/software/sl-7.x86_64/modules/langs/gcc/12.1.0/lib/gcc/x86_64-pc-linux-gnu/12.1.0/include
 /usr/local/include
 /global/software/sl-7.x86_64/modules/langs/gcc/12.1.0/include
 /global/software/sl-7.x86_64/modules/langs/gcc/12.1.0/lib/gcc/x86_64-pc-linux-gnu/12.1.0/include-fixed
 /usr/include
End of search list.
GNU C17 (GCC) version 12.1.0 (x86_64-pc-linux-gnu)
	compiled by GNU C version 12.1.0, GMP version 6.0.0, MPFR version 3.1.1, MPC version 1.0.1, isl version none
GGC heuristics: --param ggc-min-expand=100 --param ggc-min-heapsize=131072
Compiler executable checksum: 9c236508f6c4036cd3f90f65d7347086
COLLECT_GCC_OPTIONS='-v' '-o' 'CMakeFiles/cmTC_e3f72.dir/CMakeCCompilerABI.c.o' '-c' '-mtune=generic' '-march=x86-64' '-dumpdir' 'CMakeFiles/cmTC_e3f72.dir/'
 as -v --64 -o CMakeFiles/cmTC_e3f72.dir/CMakeCCompilerABI.c.o /tmp/cc6yDCSK.s
GNU assembler version 2.27 (x86_64-redhat-linux) using BFD version version 2.27-44.base.el7_9.1
COMPILER_PATH=/global/software/sl-7.x86_64/modules/langs/gcc/12.1.0/libexec/gcc/x86_64-pc-linux-gnu/12.1.0/:/global/software/sl-7.x86_64/modules/langs/gcc/12.1.0/libexec/gcc/x86_64-pc-linux-gnu/12.1.0/:/global/software/sl-7.x86_64/modules/langs/gcc/12.1.0/libexec/gcc/x86_64-pc-linux-gnu/:/global/software/sl-7.x86_64/modules/langs/gcc/12.1.0/lib/gcc/x86_64-pc-linux-gnu/12.1.0/:/global/software/sl-7.x86_64/modules/langs/gcc/12.1.0/lib/gcc/x86_64-pc-linux-gnu/
LIBRARY_PATH=/global/software/sl-7.x86_64/modules/langs/gcc/12.1.0/lib64/../lib64/:/global/software/sl-7.x86_64/modules/langs/gcc/12.1.0/lib/gcc/x86_64-pc-linux-gnu/12.1.0/:/global/software/sl-7.x86_64/modules/langs/gcc/12.1.0/lib/gcc/x86_64-pc-linux-gnu/12.1.0/../../../../lib64/:/lib/../lib64/:/usr/lib/../lib64/:/global/software/sl-7.x86_64/modules/gcc/12.1.0/openmpi/4.1.4/lib/:/global/software/sl-7.x86_64/modules/langs/gcc/12.1.0/lib64/:/global/software/sl-7.x86_64/modules/langs/gcc/12.1.0/lib/gcc/x86_64-pc-linux-gnu/12.1.0/../../../:/lib/:/usr/lib/
COLLECT_GCC_OPTIONS='-v' '-o' 'CMakeFiles/cmTC_e3f72.dir/CMakeCCompilerABI.c.o' '-c' '-mtune=generic' '-march=x86-64' '-dumpdir' 'CMakeFiles/cmTC_e3f72.dir/CMakeCCompilerABI.c.'
Linking C executable cmTC_e3f72
/global/home/groups/consultsw/sl-7.x86_64/modules/cmake/3.22.0/bin/cmake -E cmake_link_script CMakeFiles/cmTC_e3f72.dir/link.txt --verbose=1
/global/software/sl-7.x86_64/modules/langs/gcc/12.1.0/bin/gcc  -v CMakeFiles/cmTC_e3f72.dir/CMakeCCompilerABI.c.o -o cmTC_e3f72 
Using built-in specs.
COLLECT_GCC=/global/software/sl-7.x86_64/modules/langs/gcc/12.1.0/bin/gcc
COLLECT_LTO_WRAPPER=/global/software/sl-7.x86_64/modules/langs/gcc/12.1.0/libexec/gcc/x86_64-pc-linux-gnu/12.1.0/lto-wrapper
Target: x86_64-pc-linux-gnu
Configured with: ./configure --prefix=/global/software/sl-7.x86_64/modules/langs/gcc/12.1.0 --disable-multilib
Thread model: posix
Supported LTO compression algorithms: zlib
gcc version 12.1.0 (GCC) 
COMPILER_PATH=/global/software/sl-7.x86_64/modules/langs/gcc/12.1.0/libexec/gcc/x86_64-pc-linux-gnu/12.1.0/:/global/software/sl-7.x86_64/modules/langs/gcc/12.1.0/libexec/gcc/x86_64-pc-linux-gnu/12.1.0/:/global/software/sl-7.x86_64/modules/langs/gcc/12.1.0/libexec/gcc/x86_64-pc-linux-gnu/:/global/software/sl-7.x86_64/modules/langs/gcc/12.1.0/lib/gcc/x86_64-pc-linux-gnu/12.1.0/:/global/software/sl-7.x86_64/modules/langs/gcc/12.1.0/lib/gcc/x86_64-pc-linux-gnu/
LIBRARY_PATH=/global/software/sl-7.x86_64/modules/langs/gcc/12.1.0/lib64/../lib64/:/global/software/sl-7.x86_64/modules/langs/gcc/12.1.0/lib/gcc/x86_64-pc-linux-gnu/12.1.0/:/global/software/sl-7.x86_64/modules/langs/gcc/12.1.0/lib/gcc/x86_64-pc-linux-gnu/12.1.0/../../../../lib64/:/lib/../lib64/:/usr/lib/../lib64/:/global/software/sl-7.x86_64/modules/gcc/12.1.0/openmpi/4.1.4/lib/:/global/software/sl-7.x86_64/modules/langs/gcc/12.1.0/lib64/:/global/software/sl-7.x86_64/modules/langs/gcc/12.1.0/lib/gcc/x86_64-pc-linux-gnu/12.1.0/../../../:/lib/:/usr/lib/
COLLECT_GCC_OPTIONS='-v' '-o' 'cmTC_e3f72' '-mtune=generic' '-march=x86-64' '-dumpdir' 'cmTC_e3f72.'
 /global/software/sl-7.x86_64/modules/langs/gcc/12.1.0/libexec/gcc/x86_64-pc-linux-gnu/12.1.0/collect2 -plugin /global/software/sl-7.x86_64/modules/langs/gcc/12.1.0/libexec/gcc/x86_64-pc-linux-gnu/12.1.0/liblto_plugin.so -plugin-opt=/global/software/sl-7.x86_64/modules/langs/gcc/12.1.0/libexec/gcc/x86_64-pc-linux-gnu/12.1.0/lto-wrapper -plugin-opt=-fresolution=/tmp/ccn1r7CP.res -plugin-opt=-pass-through=-lgcc -plugin-opt=-pass-through=-lgcc_s -plugin-opt=-pass-through=-lc -plugin-opt=-pass-through=-lgcc -plugin-opt=-pass-through=-lgcc_s --eh-frame-hdr -m elf_x86_64 -dynamic-linker /lib64/ld-linux-x86-64.so.2 -o cmTC_e3f72 /lib/../lib64/crt1.o /lib/../lib64/crti.o /global/software/sl-7.x86_64/modules/langs/gcc/12.1.0/lib/gcc/x86_64-pc-linux-gnu/12.1.0/crtbegin.o -L/global/software/sl-7.x86_64/modules/langs/gcc/12.1.0/lib64/../lib64 -L/global/software/sl-7.x86_64/modules/langs/gcc/12.1.0/lib/gcc/x86_64-pc-linux-gnu/12.1.0 -L/global/software/sl-7.x86_64/modules/langs/gcc/12.1.0/lib/gcc/x86_64-pc-linux-gnu/12.1.0/../../../../lib64 -L/lib/../lib64 -L/usr/lib/../lib64 -L/global/software/sl-7.x86_64/modules/gcc/12.1.0/openmpi/4.1.4/lib -L/global/software/sl-7.x86_64/modules/langs/gcc/12.1.0/lib64 -L/global/software/sl-7.x86_64/modules/langs/gcc/12.1.0/lib/gcc/x86_64-pc-linux-gnu/12.1.0/../../.. CMakeFiles/cmTC_e3f72.dir/CMakeCCompilerABI.c.o -lgcc --as-needed -lgcc_s --no-as-needed -lc -lgcc --as-needed -lgcc_s --no-as-needed /global/software/sl-7.x86_64/modules/langs/gcc/12.1.0/lib/gcc/x86_64-pc-linux-gnu/12.1.0/crtend.o /lib/../lib64/crtn.o
COLLECT_GCC_OPTIONS='-v' '-o' 'cmTC_e3f72' '-mtune=generic' '-march=x86-64' '-dumpdir' 'cmTC_e3f72.'
gmake[1]: Leaving directory '/global/home/users/pmundra/graph-dp/build/CMakeFiles/CMakeTmp'



Parsed C implicit include dir info from above output: rv=done
  found start of include info
  found start of implicit include info
    add: [/global/software/sl-7.x86_64/modules/gcc/12.1.0/openmpi/4.1.4/include]
    add: [/global/home/groups/consultsw/sl-7.x86_64/modules/make/4.1.90//include]
    add: [/global/software/sl-7.x86_64/modules/langs/gcc/12.1.0/lib/gcc/x86_64-pc-linux-gnu/12.1.0/include]
    add: [/usr/local/include]
    add: [/global/software/sl-7.x86_64/modules/langs/gcc/12.1.0/include]
    add: [/global/software/sl-7.x86_64/modules/langs/gcc/12.1.0/lib/gcc/x86_64-pc-linux-gnu/12.1.0/include-fixed]
    add: [/usr/include]
  end of search list found
  collapse include dir [/global/software/sl-7.x86_64/modules/gcc/12.1.0/openmpi/4.1.4/include] ==> [/global/software/sl-7.x86_64/modules/gcc/12.1.0/openmpi/4.1.4/include]
  collapse include dir [/global/home/groups/consultsw/sl-7.x86_64/modules/make/4.1.90//include] ==> [/global/home/groups/consultsw/sl-7.x86_64/modules/make/4.1.90/include]
  collapse include dir [/global/software/sl-7.x86_64/modules/langs/gcc/12.1.0/lib/gcc/x86_64-pc-linux-gnu/12.1.0/include] ==> [/global/software/sl-7.x86_64/modules/langs/gcc/12.1.0/lib/gcc/x86_64-pc-linux-gnu/12.1.0/include]
  collapse include dir [/usr/local/include] ==> [/usr/local/include]
  collapse include dir [/global/software/sl-7.x86_64/modules/langs/gcc/12.1.0/include] ==> [/global/software/sl-7.x86_64/modules/langs/gcc/12.1.0/include]
  collapse include dir [/global/software/sl-7.x86_64/modules/langs/gcc/12.1.0/lib/gcc/x86_64-pc-linux-gnu/12.1.0/include-fixed] ==> [/global/software/sl-7.x86_64/modules/langs/gcc/12.1.0/lib/gcc/x86_64-pc-linux-gnu/12.1.0/include-fixed]
  collapse include dir [/usr/include] ==> [/usr/include]
  implicit include dirs: [/global/software/sl-7.x86_64/modules/gcc/12.1.0/openmpi/4.1.4/include;/global/home/groups/consultsw/sl-7.x86_64/modules/make/4.1.90/include;/global/software/sl-7.x86_64/modules/langs/gcc/12.1.0/lib/gcc/x86_64-pc-linux-gnu/12.1.0/include;/usr/local/include;/global/software/sl-7.x86_64/modules/langs/gcc/12.1.0/include;/global/software/sl-7.x86_64/modules/langs/gcc/12.1.0/lib/gcc/x86_64-pc-linux-gnu/12.1.0/include-fixed;/usr/include]


Parsed C implicit link information from above output:
  link line regex: [^( *|.*[/\])(ld|CMAKE_LINK_STARTFILE-NOTFOUND|([^/\]+-)?ld|collect2)[^/\]*( |$)]
  ignore line: [Change Dir: /global/home/users/pmundra/graph-dp/build/CMakeFiles/CMakeTmp]
  ignore line: []
  ignore line: [Run Build Command(s):/global/home/groups/consultsw/sl-7.x86_64/modules/make/4.1.90/bin/gmake -f Makefile cmTC_e3f72/fast && /global/home/groups/consultsw/sl-7.x86_64/modules/make/4.1.90/bin/gmake  -f CMakeFiles/cmTC_e3f72.dir/build.make CMakeFiles/cmTC_e3f72.dir/build]
  ignore line: [gmake[1]: Entering directory '/global/home/users/pmundra/graph-dp/build/CMakeFiles/CMakeTmp']
  ignore line: [Building C object CMakeFiles/cmTC_e3f72.dir/CMakeCCompilerABI.c.o]
  ignore line: [/global/software/sl-7.x86_64/modules/langs/gcc/12.1.0/bin/gcc   -v -o CMakeFiles/cmTC_e3f72.dir/CMakeCCompilerABI.c.o -c /global/home/groups/consultsw/sl-7.x86_64/modules/cmake/3.22.0/share/cmake-3.22/Modules/CMakeCCompilerABI.c]
  ignore line: [Using built-in specs.]
  ignore line: [COLLECT_GCC=/global/software/sl-7.x86_64/modules/langs/gcc/12.1.0/bin/gcc]
  ignore line: [Target: x86_64-pc-linux-gnu]
  ignore line: [Configured with: ./configure --prefix=/global/software/sl-7.x86_64/modules/langs/gcc/12.1.0 --disable-multilib]
  ignore line: [Thread model: posix]
  ignore line: [Supported LTO compression algorithms: zlib]
  ignore line: [gcc version 12.1.0 (GCC) ]
  ignore line: [COLLECT_GCC_OPTIONS='-v' '-o' 'CMakeFiles/cmTC_e3f72.dir/CMakeCCompilerABI.c.o' '-c' '-mtune=generic' '-march=x86-64' '-dumpdir' 'CMakeFiles/cmTC_e3f72.dir/']
  ignore line: [ /global/software/sl-7.x86_64/modules/langs/gcc/12.1.0/libexec/gcc/x86_64-pc-linux-gnu/12.1.0/cc1 -quiet -v /global/home/groups/consultsw/sl-7.x86_64/modules/cmake/3.22.0/share/cmake-3.22/Modules/CMakeCCompilerABI.c -quiet -dumpdir CMakeFiles/cmTC_e3f72.dir/ -dumpbase CMakeCCompilerABI.c.c -dumpbase-ext .c -mtune=generic -march=x86-64 -version -o /tmp/cc6yDCSK.s]
  ignore line: [GNU C17 (GCC) version 12.1.0 (x86_64-pc-linux-gnu)]
  ignore line: [	compiled by GNU C version 12.1.0  GMP version 6.0.0  MPFR version 3.1.1  MPC version 1.0.1  isl version none]
  ignore line: [GGC heuristics: --param ggc-min-expand=100 --param ggc-min-heapsize=131072]
  ignore line: [ignoring nonexistent directory "/global/software/sl-7.x86_64/modules/langs/gcc/12.1.0/lib/gcc/x86_64-pc-linux-gnu/12.1.0/../../../../x86_64-pc-linux-gnu/include"]
  ignore line: [ignoring duplicate directory "/global/software/sl-7.x86_64/modules/langs/gcc/12.1.0/include"]
  ignore line: [  as it is a non-system directory that duplicates a system directory]
  ignore line: [ignoring nonexistent directory "/global/home/groups/consultsw/sl-7.x86_64/modules/cmake/3.22.0//include"]
  ignore line: [#include "..." search starts here:]
  ignore line: [#include <...> search starts here:]
  ignore line: [ /global/software/sl-7.x86_64/modules/gcc/12.1.0/openmpi/4.1.4/include]
  ignore line: [ /global/home/groups/consultsw/sl-7.x86_64/modules/make/4.1.90//include]
  ignore line: [ /global/software/sl-7.x86_64/modules/langs/gcc/12.1.0/lib/gcc/x86_64-pc-linux-gnu/12.1.0/include]
  ignore line: [ /usr/local/include]
  ignore line: [ /global/software/sl-7.x86_64/modules/langs/gcc/12.1.0/include]
  ignore line: [ /global/software/sl-7.x86_64/modules/langs/gcc/12.1.0/lib/gcc/x86_64-pc-linux-gnu/12.1.0/include-fixed]
  ignore line: [ /usr/include]
  ignore line: [End of search list.]
  ignore line: [GNU C17 (GCC) version 12.1.0 (x86_64-pc-linux-gnu)]
  ignore line: [	compiled by GNU C version 12.1.0  GMP version 6.0.0  MPFR version 3.1.1  MPC version 1.0.1  isl version none]
  ignore line: [GGC heuristics: --param ggc-min-expand=100 --param ggc-min-heapsize=131072]
  ignore line: [Compiler executable checksum: 9c236508f6c4036cd3f90f65d7347086]
  ignore line: [COLLECT_GCC_OPTIONS='-v' '-o' 'CMakeFiles/cmTC_e3f72.dir/CMakeCCompilerABI.c.o' '-c' '-mtune=generic' '-march=x86-64' '-dumpdir' 'CMakeFiles/cmTC_e3f72.dir/']
  ignore line: [ as -v --64 -o CMakeFiles/cmTC_e3f72.dir/CMakeCCompilerABI.c.o /tmp/cc6yDCSK.s]
  ignore line: [GNU assembler version 2.27 (x86_64-redhat-linux) using BFD version version 2.27-44.base.el7_9.1]
  ignore line: [COMPILER_PATH=/global/software/sl-7.x86_64/modules/langs/gcc/12.1.0/libexec/gcc/x86_64-pc-linux-gnu/12.1.0/:/global/software/sl-7.x86_64/modules/langs/gcc/12.1.0/libexec/gcc/x86_64-pc-linux-gnu/12.1.0/:/global/software/sl-7.x86_64/modules/langs/gcc/12.1.0/libexec/gcc/x86_64-pc-linux-gnu/:/global/software/sl-7.x86_64/modules/langs/gcc/12.1.0/lib/gcc/x86_64-pc-linux-gnu/12.1.0/:/global/software/sl-7.x86_64/modules/langs/gcc/12.1.0/lib/gcc/x86_64-pc-linux-gnu/]
  ignore line: [LIBRARY_PATH=/global/software/sl-7.x86_64/modules/langs/gcc/12.1.0/lib64/../lib64/:/global/software/sl-7.x86_64/modules/langs/gcc/12.1.0/lib/gcc/x86_64-pc-linux-gnu/12.1.0/:/global/software/sl-7.x86_64/modules/langs/gcc/12.1.0/lib/gcc/x86_64-pc-linux-gnu/12.1.0/../../../../lib64/:/lib/../lib64/:/usr/lib/../lib64/:/global/software/sl-7.x86_64/modules/gcc/12.1.0/openmpi/4.1.4/lib/:/global/software/sl-7.x86_64/modules/langs/gcc/12.1.0/lib64/:/global/software/sl-7.x86_64/modules/langs/gcc/12.1.0/lib/gcc/x86_64-pc-linux-gnu/12.1.0/../../../:/lib/:/usr/lib/]
  ignore line: [COLLECT_GCC_OPTIONS='-v' '-o' 'CMakeFiles/cmTC_e3f72.dir/CMakeCCompilerABI.c.o' '-c' '-mtune=generic' '-march=x86-64' '-dumpdir' 'CMakeFiles/cmTC_e3f72.dir/CMakeCCompilerABI.c.']
  ignore line: [Linking C executable cmTC_e3f72]
  ignore line: [/global/home/groups/consultsw/sl-7.x86_64/modules/cmake/3.22.0/bin/cmake -E cmake_link_script CMakeFiles/cmTC_e3f72.dir/link.txt --verbose=1]
  ignore line: [/global/software/sl-7.x86_64/modules/langs/gcc/12.1.0/bin/gcc  -v CMakeFiles/cmTC_e3f72.dir/CMakeCCompilerABI.c.o -o cmTC_e3f72 ]
  ignore line: [Using built-in specs.]
  ignore line: [COLLECT_GCC=/global/software/sl-7.x86_64/modules/langs/gcc/12.1.0/bin/gcc]
  ignore line: [COLLECT_LTO_WRAPPER=/global/software/sl-7.x86_64/modules/langs/gcc/12.1.0/libexec/gcc/x86_64-pc-linux-gnu/12.1.0/lto-wrapper]
  ignore line: [Target: x86_64-pc-linux-gnu]
  ignore line: [Configured with: ./configure --prefix=/global/software/sl-7.x86_64/modules/langs/gcc/12.1.0 --disable-multilib]
  ignore line: [Thread model: posix]
  ignore line: [Supported LTO compression algorithms: zlib]
  ignore line: [gcc version 12.1.0 (GCC) ]
  ignore line: [COMPILER_PATH=/global/software/sl-7.x86_64/modules/langs/gcc/12.1.0/libexec/gcc/x86_64-pc-linux-gnu/12.1.0/:/global/software/sl-7.x86_64/modules/langs/gcc/12.1.0/libexec/gcc/x86_64-pc-linux-gnu/12.1.0/:/global/software/sl-7.x86_64/modules/langs/gcc/12.1.0/libexec/gcc/x86_64-pc-linux-gnu/:/global/software/sl-7.x86_64/modules/langs/gcc/12.1.0/lib/gcc/x86_64-pc-linux-gnu/12.1.0/:/global/software/sl-7.x86_64/modules/langs/gcc/12.1.0/lib/gcc/x86_64-pc-linux-gnu/]
  ignore line: [LIBRARY_PATH=/global/software/sl-7.x86_64/modules/langs/gcc/12.1.0/lib64/../lib64/:/global/software/sl-7.x86_64/modules/langs/gcc/12.1.0/lib/gcc/x86_64-pc-linux-gnu/12.1.0/:/global/software/sl-7.x86_64/modules/langs/gcc/12.1.0/lib/gcc/x86_64-pc-linux-gnu/12.1.0/../../../../lib64/:/lib/../lib64/:/usr/lib/../lib64/:/global/software/sl-7.x86_64/modules/gcc/12.1.0/openmpi/4.1.4/lib/:/global/software/sl-7.x86_64/modules/langs/gcc/12.1.0/lib64/:/global/software/sl-7.x86_64/modules/langs/gcc/12.1.0/lib/gcc/x86_64-pc-linux-gnu/12.1.0/../../../:/lib/:/usr/lib/]
  ignore line: [COLLECT_GCC_OPTIONS='-v' '-o' 'cmTC_e3f72' '-mtune=generic' '-march=x86-64' '-dumpdir' 'cmTC_e3f72.']
  link line: [ /global/software/sl-7.x86_64/modules/langs/gcc/12.1.0/libexec/gcc/x86_64-pc-linux-gnu/12.1.0/collect2 -plugin /global/software/sl-7.x86_64/modules/langs/gcc/12.1.0/libexec/gcc/x86_64-pc-linux-gnu/12.1.0/liblto_plugin.so -plugin-opt=/global/software/sl-7.x86_64/modules/langs/gcc/12.1.0/libexec/gcc/x86_64-pc-linux-gnu/12.1.0/lto-wrapper -plugin-opt=-fresolution=/tmp/ccn1r7CP.res -plugin-opt=-pass-through=-lgcc -plugin-opt=-pass-through=-lgcc_s -plugin-opt=-pass-through=-lc -plugin-opt=-pass-through=-lgcc -plugin-opt=-pass-through=-lgcc_s --eh-frame-hdr -m elf_x86_64 -dynamic-linker /lib64/ld-linux-x86-64.so.2 -o cmTC_e3f72 /lib/../lib64/crt1.o /lib/../lib64/crti.o /global/software/sl-7.x86_64/modules/langs/gcc/12.1.0/lib/gcc/x86_64-pc-linux-gnu/12.1.0/crtbegin.o -L/global/software/sl-7.x86_64/modules/langs/gcc/12.1.0/lib64/../lib64 -L/global/software/sl-7.x86_64/modules/langs/gcc/12.1.0/lib/gcc/x86_64-pc-linux-gnu/12.1.0 -L/global/software/sl-7.x86_64/modules/langs/gcc/12.1.0/lib/gcc/x86_64-pc-linux-gnu/12.1.0/../../../../lib64 -L/lib/../lib64 -L/usr/lib/../lib64 -L/global/software/sl-7.x86_64/modules/gcc/12.1.0/openmpi/4.1.4/lib -L/global/software/sl-7.x86_64/modules/langs/gcc/12.1.0/lib64 -L/global/software/sl-7.x86_64/modules/langs/gcc/12.1.0/lib/gcc/x86_64-pc-linux-gnu/12.1.0/../../.. CMakeFiles/cmTC_e3f72.dir/CMakeCCompilerABI.c.o -lgcc --as-needed -lgcc_s --no-as-needed -lc -lgcc --as-needed -lgcc_s --no-as-needed /global/software/sl-7.x86_64/modules/langs/gcc/12.1.0/lib/gcc/x86_64-pc-linux-gnu/12.1.0/crtend.o /lib/../lib64/crtn.o]
    arg [/global/software/sl-7.x86_64/modules/langs/gcc/12.1.0/libexec/gcc/x86_64-pc-linux-gnu/12.1.0/collect2] ==> ignore
    arg [-plugin] ==> ignore
    arg [/global/software/sl-7.x86_64/modules/langs/gcc/12.1.0/libexec/gcc/x86_64-pc-linux-gnu/12.1.0/liblto_plugin.so] ==> ignore
    arg [-plugin-opt=/global/software/sl-7.x86_64/modules/langs/gcc/12.1.0/libexec/gcc/x86_64-pc-linux-gnu/12.1.0/lto-wrapper] ==> ignore
    arg [-plugin-opt=-fresolution=/tmp/ccn1r7CP.res] ==> ignore
    arg [-plugin-opt=-pass-through=-lgcc] ==> ignore
    arg [-plugin-opt=-pass-through=-lgcc_s] ==> ignore
    arg [-plugin-opt=-pass-through=-lc] ==> ignore
    arg [-plugin-opt=-pass-through=-lgcc] ==> ignore
    arg [-plugin-opt=-pass-through=-lgcc_s] ==> ignore
    arg [--eh-frame-hdr] ==> ignore
    arg [-m] ==> ignore
    arg [elf_x86_64] ==> ignore
    arg [-dynamic-linker] ==> ignore
    arg [/lib64/ld-linux-x86-64.so.2] ==> ignore
    arg [-o] ==> ignore
    arg [cmTC_e3f72] ==> ignore
    arg [/lib/../lib64/crt1.o] ==> obj [/lib/../lib64/crt1.o]
    arg [/lib/../lib64/crti.o] ==> obj [/lib/../lib64/crti.o]
    arg [/global/software/sl-7.x86_64/modules/langs/gcc/12.1.0/lib/gcc/x86_64-pc-linux-gnu/12.1.0/crtbegin.o] ==> obj [/global/software/sl-7.x86_64/modules/langs/gcc/12.1.0/lib/gcc/x86_64-pc-linux-gnu/12.1.0/crtbegin.o]
    arg [-L/global/software/sl-7.x86_64/modules/langs/gcc/12.1.0/lib64/../lib64] ==> dir [/global/software/sl-7.x86_64/modules/langs/gcc/12.1.0/lib64/../lib64]
    arg [-L/global/software/sl-7.x86_64/modules/langs/gcc/12.1.0/lib/gcc/x86_64-pc-linux-gnu/12.1.0] ==> dir [/global/software/sl-7.x86_64/modules/langs/gcc/12.1.0/lib/gcc/x86_64-pc-linux-gnu/12.1.0]
    arg [-L/global/software/sl-7.x86_64/modules/langs/gcc/12.1.0/lib/gcc/x86_64-pc-linux-gnu/12.1.0/../../../../lib64] ==> dir [/global/software/sl-7.x86_64/modules/langs/gcc/12.1.0/lib/gcc/x86_64-pc-linux-gnu/12.1.0/../../../../lib64]
    arg [-L/lib/../lib64] ==> dir [/lib/../lib64]
    arg [-L/usr/lib/../lib64] ==> dir [/usr/lib/../lib64]
    arg [-L/global/software/sl-7.x86_64/modules/gcc/12.1.0/openmpi/4.1.4/lib] ==> dir [/global/software/sl-7.x86_64/modules/gcc/12.1.0/openmpi/4.1.4/lib]
    arg [-L/global/software/sl-7.x86_64/modules/langs/gcc/12.1.0/lib64] ==> dir [/global/software/sl-7.x86_64/modules/langs/gcc/12.1.0/lib64]
    arg [-L/global/software/sl-7.x86_64/modules/langs/gcc/12.1.0/lib/gcc/x86_64-pc-linux-gnu/12.1.0/../../..] ==> dir [/global/software/sl-7.x86_64/modules/langs/gcc/12.1.0/lib/gcc/x86_64-pc-linux-gnu/12.1.0/../../..]
    arg [CMakeFiles/cmTC_e3f72.dir/CMakeCCompilerABI.c.o] ==> ignore
    arg [-lgcc] ==> lib [gcc]
    arg [--as-needed] ==> ignore
    arg [-lgcc_s] ==> lib [gcc_s]
    arg [--no-as-needed] ==> ignore
    arg [-lc] ==> lib [c]
    arg [-lgcc] ==> lib [gcc]
    arg [--as-needed] ==> ignore
    arg [-lgcc_s] ==> lib [gcc_s]
    arg [--no-as-needed] ==> ignore
    arg [/global/software/sl-7.x86_64/modules/langs/gcc/12.1.0/lib/gcc/x86_64-pc-linux-gnu/12.1.0/crtend.o] ==> obj [/global/software/sl-7.x86_64/modules/langs/gcc/12.1.0/lib/gcc/x86_64-pc-linux-gnu/12.1.0/crtend.o]
    arg [/lib/../lib64/crtn.o] ==> obj [/lib/../lib64/crtn.o]
  collapse obj [/lib/../lib64/crt1.o] ==> [/lib64/crt1.o]
  collapse obj [/lib/../lib64/crti.o] ==> [/lib64/crti.o]
  collapse obj [/lib/../lib64/crtn.o] ==> [/lib64/crtn.o]
  collapse library dir [/global/software/sl-7.x86_64/modules/langs/gcc/12.1.0/lib64/../lib64] ==> [/global/software/sl-7.x86_64/modules/langs/gcc/12.1.0/lib64]
  collapse library dir [/global/software/sl-7.x86_64/modules/langs/gcc/12.1.0/lib/gcc/x86_64-pc-linux-gnu/12.1.0] ==> [/global/software/sl-7.x86_64/modules/langs/gcc/12.1.0/lib/gcc/x86_64-pc-linux-gnu/12.1.0]
  collapse library dir [/global/software/sl-7.x86_64/modules/langs/gcc/12.1.0/lib/gcc/x86_64-pc-linux-gnu/12.1.0/../../../../lib64] ==> [/global/software/sl-7.x86_64/modules/langs/gcc/12.1.0/lib64]
  collapse library dir [/lib/../lib64] ==> [/lib64]
  collapse library dir [/usr/lib/../lib64] ==> [/usr/lib64]
  collapse library dir [/global/software/sl-7.x86_64/modules/gcc/12.1.0/openmpi/4.1.4/lib] ==> [/global/software/sl-7.x86_64/modules/gcc/12.1.0/openmpi/4.1.4/lib]
  collapse library dir [/global/software/sl-7.x86_64/modules/langs/gcc/12.1.0/lib64] ==> [/global/software/sl-7.x86_64/modules/langs/gcc/12.1.0/lib64]
  collapse library dir [/global/software/sl-7.x86_64/modules/langs/gcc/12.1.0/lib/gcc/x86_64-pc-linux-gnu/12.1.0/../../..] ==> [/global/software/sl-7.x86_64/modules/langs/gcc/12.1.0/lib]
  implicit libs: [gcc;gcc_s;c;gcc;gcc_s]
  implicit objs: [/lib64/crt1.o;/lib64/crti.o;/global/software/sl-7.x86_64/modules/langs/gcc/12.1.0/lib/gcc/x86_64-pc-linux-gnu/12.1.0/crtbegin.o;/global/software/sl-7.x86_64/modules/langs/gcc/12.1.0/lib/gcc/x86_64-pc-linux-gnu/12.1.0/crtend.o;/lib64/crtn.o]
  implicit dirs: [/global/software/sl-7.x86_64/modules/langs/gcc/12.1.0/lib64;/global/software/sl-7.x86_64/modules/langs/gcc/12.1.0/lib/gcc/x86_64-pc-linux-gnu/12.1.0;/lib64;/usr/lib64;/global/software/sl-7.x86_64/modules/gcc/12.1.0/openmpi/4.1.4/lib;/global/software/sl-7.x86_64/modules/langs/gcc/12.1.0/lib]
  implicit fwks: []


Detecting CXX compiler ABI info compiled with the following output:
Change Dir: /global/home/users/pmundra/graph-dp/build/CMakeFiles/CMakeTmp

Run Build Command(s):/global/home/groups/consultsw/sl-7.x86_64/modules/make/4.1.90/bin/gmake -f Makefile cmTC_d3c54/fast && /global/home/groups/consultsw/sl-7.x86_64/modules/make/4.1.90/bin/gmake  -f CMakeFiles/cmTC_d3c54.dir/build.make CMakeFiles/cmTC_d3c54.dir/build
gmake[1]: Entering directory '/global/home/users/pmundra/graph-dp/build/CMakeFiles/CMakeTmp'
Building CXX object CMakeFiles/cmTC_d3c54.dir/CMakeCXXCompilerABI.cpp.o
/global/software/sl-7.x86_64/modules/langs/gcc/12.1.0/bin/g++   -v -o CMakeFiles/cmTC_d3c54.dir/CMakeCXXCompilerABI.cpp.o -c /global/home/groups/consultsw/sl-7.x86_64/modules/cmake/3.22.0/share/cmake-3.22/Modules/CMakeCXXCompilerABI.cpp
Using built-in specs.
COLLECT_GCC=/global/software/sl-7.x86_64/modules/langs/gcc/12.1.0/bin/g++
Target: x86_64-pc-linux-gnu
Configured with: ./configure --prefix=/global/software/sl-7.x86_64/modules/langs/gcc/12.1.0 --disable-multilib
Thread model: posix
Supported LTO compression algorithms: zlib
gcc version 12.1.0 (GCC) 
COLLECT_GCC_OPTIONS='-v' '-o' 'CMakeFiles/cmTC_d3c54.dir/CMakeCXXCompilerABI.cpp.o' '-c' '-shared-libgcc' '-mtune=generic' '-march=x86-64' '-dumpdir' 'CMakeFiles/cmTC_d3c54.dir/'
 /global/software/sl-7.x86_64/modules/langs/gcc/12.1.0/libexec/gcc/x86_64-pc-linux-gnu/12.1.0/cc1plus -quiet -v -D_GNU_SOURCE /global/home/groups/consultsw/sl-7.x86_64/modules/cmake/3.22.0/share/cmake-3.22/Modules/CMakeCXXCompilerABI.cpp -quiet -dumpdir CMakeFiles/cmTC_d3c54.dir/ -dumpbase CMakeCXXCompilerABI.cpp.cpp -dumpbase-ext .cpp -mtune=generic -march=x86-64 -version -o /tmp/cc8Kg9Jy.s
GNU C++17 (GCC) version 12.1.0 (x86_64-pc-linux-gnu)
	compiled by GNU C version 12.1.0, GMP version 6.0.0, MPFR version 3.1.1, MPC version 1.0.1, isl version none
GGC heuristics: --param ggc-min-expand=100 --param ggc-min-heapsize=131072
ignoring nonexistent directory "/global/software/sl-7.x86_64/modules/langs/gcc/12.1.0/lib/gcc/x86_64-pc-linux-gnu/12.1.0/../../../../x86_64-pc-linux-gnu/include"
ignoring duplicate directory "/global/software/sl-7.x86_64/modules/langs/gcc/12.1.0/include"
  as it is a non-system directory that duplicates a system directory
ignoring nonexistent directory "/global/home/groups/consultsw/sl-7.x86_64/modules/cmake/3.22.0//include"
#include "..." search starts here:
#include <...> search starts here:
 /global/software/sl-7.x86_64/modules/gcc/12.1.0/openmpi/4.1.4/include
 /global/home/groups/consultsw/sl-7.x86_64/modules/make/4.1.90//include
 /global/software/sl-7.x86_64/modules/langs/gcc/12.1.0/lib/gcc/x86_64-pc-linux-gnu/12.1.0/../../../../include/c++/12.1.0
 /global/software/sl-7.x86_64/modules/langs/gcc/12.1.0/lib/gcc/x86_64-pc-linux-gnu/12.1.0/../../../../include/c++/12.1.0/x86_64-pc-linux-gnu
 /global/software/sl-7.x86_64/modules/langs/gcc/12.1.0/lib/gcc/x86_64-pc-linux-gnu/12.1.0/../../../../include/c++/12.1.0/backward
 /global/software/sl-7.x86_64/modules/langs/gcc/12.1.0/lib/gcc/x86_64-pc-linux-gnu/12.1.0/include
 /usr/local/include
 /global/software/sl-7.x86_64/modules/langs/gcc/12.1.0/include
 /global/software/sl-7.x86_64/modules/langs/gcc/12.1.0/lib/gcc/x86_64-pc-linux-gnu/12.1.0/include-fixed
 /usr/include
End of search list.
GNU C++17 (GCC) version 12.1.0 (x86_64-pc-linux-gnu)
	compiled by GNU C version 12.1.0, GMP version 6.0.0, MPFR version 3.1.1, MPC version 1.0.1, isl version none
GGC heuristics: --param ggc-min-expand=100 --param ggc-min-heapsize=131072
Compiler executable checksum: 8887471549f43b9edd7d8e1e3e55bcd0
COLLECT_GCC_OPTIONS='-v' '-o' 'CMakeFiles/cmTC_d3c54.dir/CMakeCXXCompilerABI.cpp.o' '-c' '-shared-libgcc' '-mtune=generic' '-march=x86-64' '-dumpdir' 'CMakeFiles/cmTC_d3c54.dir/'
 as -v --64 -o CMakeFiles/cmTC_d3c54.dir/CMakeCXXCompilerABI.cpp.o /tmp/cc8Kg9Jy.s
GNU assembler version 2.27 (x86_64-redhat-linux) using BFD version version 2.27-44.base.el7_9.1
COMPILER_PATH=/global/software/sl-7.x86_64/modules/langs/gcc/12.1.0/libexec/gcc/x86_64-pc-linux-gnu/12.1.0/:/global/software/sl-7.x86_64/modules/langs/gcc/12.1.0/libexec/gcc/x86_64-pc-linux-gnu/12.1.0/:/global/software/sl-7.x86_64/modules/langs/gcc/12.1.0/libexec/gcc/x86_64-pc-linux-gnu/:/global/software/sl-7.x86_64/modules/langs/gcc/12.1.0/lib/gcc/x86_64-pc-linux-gnu/12.1.0/:/global/software/sl-7.x86_64/modules/langs/gcc/12.1.0/lib/gcc/x86_64-pc-linux-gnu/
LIBRARY_PATH=/global/software/sl-7.x86_64/modules/langs/gcc/12.1.0/lib64/../lib64/:/global/software/sl-7.x86_64/modules/langs/gcc/12.1.0/lib/gcc/x86_64-pc-linux-gnu/12.1.0/:/global/software/sl-7.x86_64/modules/langs/gcc/12.1.0/lib/gcc/x86_64-pc-linux-gnu/12.1.0/../../../../lib64/:/lib/../lib64/:/usr/lib/../lib64/:/global/software/sl-7.x86_64/modules/gcc/12.1.0/openmpi/4.1.4/lib/:/global/software/sl-7.x86_64/modules/langs/gcc/12.1.0/lib64/:/global/software/sl-7.x86_64/modules/langs/gcc/12.1.0/lib/gcc/x86_64-pc-linux-gnu/12.1.0/../../../:/lib/:/usr/lib/
COLLECT_GCC_OPTIONS='-v' '-o' 'CMakeFiles/cmTC_d3c54.dir/CMakeCXXCompilerABI.cpp.o' '-c' '-shared-libgcc' '-mtune=generic' '-march=x86-64' '-dumpdir' 'CMakeFiles/cmTC_d3c54.dir/CMakeCXXCompilerABI.cpp.'
Linking CXX executable cmTC_d3c54
/global/home/groups/consultsw/sl-7.x86_64/modules/cmake/3.22.0/bin/cmake -E cmake_link_script CMakeFiles/cmTC_d3c54.dir/link.txt --verbose=1
/global/software/sl-7.x86_64/modules/langs/gcc/12.1.0/bin/g++  -v CMakeFiles/cmTC_d3c54.dir/CMakeCXXCompilerABI.cpp.o -o cmTC_d3c54 
Using built-in specs.
COLLECT_GCC=/global/software/sl-7.x86_64/modules/langs/gcc/12.1.0/bin/g++
COLLECT_LTO_WRAPPER=/global/software/sl-7.x86_64/modules/langs/gcc/12.1.0/libexec/gcc/x86_64-pc-linux-gnu/12.1.0/lto-wrapper
Target: x86_64-pc-linux-gnu
Configured with: ./configure --prefix=/global/software/sl-7.x86_64/modules/langs/gcc/12.1.0 --disable-multilib
Thread model: posix
Supported LTO compression algorithms: zlib
gcc version 12.1.0 (GCC) 
COMPILER_PATH=/global/software/sl-7.x86_64/modules/langs/gcc/12.1.0/libexec/gcc/x86_64-pc-linux-gnu/12.1.0/:/global/software/sl-7.x86_64/modules/langs/gcc/12.1.0/libexec/gcc/x86_64-pc-linux-gnu/12.1.0/:/global/software/sl-7.x86_64/modules/langs/gcc/12.1.0/libexec/gcc/x86_64-pc-linux-gnu/:/global/software/sl-7.x86_64/modules/langs/gcc/12.1.0/lib/gcc/x86_64-pc-linux-gnu/12.1.0/:/global/software/sl-7.x86_64/modules/langs/gcc/12.1.0/lib/gcc/x86_64-pc-linux-gnu/
LIBRARY_PATH=/global/software/sl-7.x86_64/modules/langs/gcc/12.1.0/lib64/../lib64/:/global/software/sl-7.x86_64/modules/langs/gcc/12.1.0/lib/gcc/x86_64-pc-linux-gnu/12.1.0/:/global/software/sl-7.x86_64/modules/langs/gcc/12.1.0/lib/gcc/x86_64-pc-linux-gnu/12.1.0/../../../../lib64/:/lib/../lib64/:/usr/lib/../lib64/:/global/software/sl-7.x86_64/modules/gcc/12.1.0/openmpi/4.1.4/lib/:/global/software/sl-7.x86_64/modules/langs/gcc/12.1.0/lib64/:/global/software/sl-7.x86_64/modules/langs/gcc/12.1.0/lib/gcc/x86_64-pc-linux-gnu/12.1.0/../../../:/lib/:/usr/lib/
COLLECT_GCC_OPTIONS='-v' '-o' 'cmTC_d3c54' '-shared-libgcc' '-mtune=generic' '-march=x86-64' '-dumpdir' 'cmTC_d3c54.'
 /global/software/sl-7.x86_64/modules/langs/gcc/12.1.0/libexec/gcc/x86_64-pc-linux-gnu/12.1.0/collect2 -plugin /global/software/sl-7.x86_64/modules/langs/gcc/12.1.0/libexec/gcc/x86_64-pc-linux-gnu/12.1.0/liblto_plugin.so -plugin-opt=/global/software/sl-7.x86_64/modules/langs/gcc/12.1.0/libexec/gcc/x86_64-pc-linux-gnu/12.1.0/lto-wrapper -plugin-opt=-fresolution=/tmp/ccFYXaTB.res -plugin-opt=-pass-through=-lgcc_s -plugin-opt=-pass-through=-lgcc -plugin-opt=-pass-through=-lc -plugin-opt=-pass-through=-lgcc_s -plugin-opt=-pass-through=-lgcc --eh-frame-hdr -m elf_x86_64 -dynamic-linker /lib64/ld-linux-x86-64.so.2 -o cmTC_d3c54 /lib/../lib64/crt1.o /lib/../lib64/crti.o /global/software/sl-7.x86_64/modules/langs/gcc/12.1.0/lib/gcc/x86_64-pc-linux-gnu/12.1.0/crtbegin.o -L/global/software/sl-7.x86_64/modules/langs/gcc/12.1.0/lib64/../lib64 -L/global/software/sl-7.x86_64/modules/langs/gcc/12.1.0/lib/gcc/x86_64-pc-linux-gnu/12.1.0 -L/global/software/sl-7.x86_64/modules/langs/gcc/12.1.0/lib/gcc/x86_64-pc-linux-gnu/12.1.0/../../../../lib64 -L/lib/../lib64 -L/usr/lib/../lib64 -L/global/software/sl-7.x86_64/modules/gcc/12.1.0/openmpi/4.1.4/lib -L/global/software/sl-7.x86_64/modules/langs/gcc/12.1.0/lib64 -L/global/software/sl-7.x86_64/modules/langs/gcc/12.1.0/lib/gcc/x86_64-pc-linux-gnu/12.1.0/../../.. CMakeFiles/cmTC_d3c54.dir/CMakeCXXCompilerABI.cpp.o -lstdc++ -lm -lgcc_s -lgcc -lc -lgcc_s -lgcc /global/software/sl-7.x86_64/modules/langs/gcc/12.1.0/lib/gcc/x86_64-pc-linux-gnu/12.1.0/crtend.o /lib/../lib64/crtn.o
COLLECT_GCC_OPTIONS='-v' '-o' 'cmTC_d3c54' '-shared-libgcc' '-mtune=generic' '-march=x86-64' '-dumpdir' 'cmTC_d3c54.'
gmake[1]: Leaving directory '/global/home/users/pmundra/graph-dp/build/CMakeFiles/CMakeTmp'



Parsed CXX implicit include dir info from above output: rv=done
  found start of include info
  found start of implicit include info
    add: [/global/software/sl-7.x86_64/modules/gcc/12.1.0/openmpi/4.1.4/include]
    add: [/global/home/groups/consultsw/sl-7.x86_64/modules/make/4.1.90//include]
    add: [/global/software/sl-7.x86_64/modules/langs/gcc/12.1.0/lib/gcc/x86_64-pc-linux-gnu/12.1.0/../../../../include/c++/12.1.0]
    add: [/global/software/sl-7.x86_64/modules/langs/gcc/12.1.0/lib/gcc/x86_64-pc-linux-gnu/12.1.0/../../../../include/c++/12.1.0/x86_64-pc-linux-gnu]
    add: [/global/software/sl-7.x86_64/modules/langs/gcc/12.1.0/lib/gcc/x86_64-pc-linux-gnu/12.1.0/../../../../include/c++/12.1.0/backward]
    add: [/global/software/sl-7.x86_64/modules/langs/gcc/12.1.0/lib/gcc/x86_64-pc-linux-gnu/12.1.0/include]
    add: [/usr/local/include]
    add: [/global/software/sl-7.x86_64/modules/langs/gcc/12.1.0/include]
    add: [/global/software/sl-7.x86_64/modules/langs/gcc/12.1.0/lib/gcc/x86_64-pc-linux-gnu/12.1.0/include-fixed]
    add: [/usr/include]
  end of search list found
  collapse include dir [/global/software/sl-7.x86_64/modules/gcc/12.1.0/openmpi/4.1.4/include] ==> [/global/software/sl-7.x86_64/modules/gcc/12.1.0/openmpi/4.1.4/include]
  collapse include dir [/global/home/groups/consultsw/sl-7.x86_64/modules/make/4.1.90//include] ==> [/global/home/groups/consultsw/sl-7.x86_64/modules/make/4.1.90/include]
  collapse include dir [/global/software/sl-7.x86_64/modules/langs/gcc/12.1.0/lib/gcc/x86_64-pc-linux-gnu/12.1.0/../../../../include/c++/12.1.0] ==> [/global/software/sl-7.x86_64/modules/langs/gcc/12.1.0/include/c++/12.1.0]
  collapse include dir [/global/software/sl-7.x86_64/modules/langs/gcc/12.1.0/lib/gcc/x86_64-pc-linux-gnu/12.1.0/../../../../include/c++/12.1.0/x86_64-pc-linux-gnu] ==> [/global/software/sl-7.x86_64/modules/langs/gcc/12.1.0/include/c++/12.1.0/x86_64-pc-linux-gnu]
  collapse include dir [/global/software/sl-7.x86_64/modules/langs/gcc/12.1.0/lib/gcc/x86_64-pc-linux-gnu/12.1.0/../../../../include/c++/12.1.0/backward] ==> [/global/software/sl-7.x86_64/modules/langs/gcc/12.1.0/include/c++/12.1.0/backward]
  collapse include dir [/global/software/sl-7.x86_64/modules/langs/gcc/12.1.0/lib/gcc/x86_64-pc-linux-gnu/12.1.0/include] ==> [/global/software/sl-7.x86_64/modules/langs/gcc/12.1.0/lib/gcc/x86_64-pc-linux-gnu/12.1.0/include]
  collapse include dir [/usr/local/include] ==> [/usr/local/include]
  collapse include dir [/global/software/sl-7.x86_64/modules/langs/gcc/12.1.0/include] ==> [/global/software/sl-7.x86_64/modules/langs/gcc/12.1.0/include]
  collapse include dir [/global/software/sl-7.x86_64/modules/langs/gcc/12.1.0/lib/gcc/x86_64-pc-linux-gnu/12.1.0/include-fixed] ==> [/global/software/sl-7.x86_64/modules/langs/gcc/12.1.0/lib/gcc/x86_64-pc-linux-gnu/12.1.0/include-fixed]
  collapse include dir [/usr/include] ==> [/usr/include]
  implicit include dirs: [/global/software/sl-7.x86_64/modules/gcc/12.1.0/openmpi/4.1.4/include;/global/home/groups/consultsw/sl-7.x86_64/modules/make/4.1.90/include;/global/software/sl-7.x86_64/modules/langs/gcc/12.1.0/include/c++/12.1.0;/global/software/sl-7.x86_64/modules/langs/gcc/12.1.0/include/c++/12.1.0/x86_64-pc-linux-gnu;/global/software/sl-7.x86_64/modules/langs/gcc/12.1.0/include/c++/12.1.0/backward;/global/software/sl-7.x86_64/modules/langs/gcc/12.1.0/lib/gcc/x86_64-pc-linux-gnu/12.1.0/include;/usr/local/include;/global/software/sl-7.x86_64/modules/langs/gcc/12.1.0/include;/global/software/sl-7.x86_64/modules/langs/gcc/12.1.0/lib/gcc/x86_64-pc-linux-gnu/12.1.0/include-fixed;/usr/include]


Parsed CXX implicit link information from above output:
  link line regex: [^( *|.*[/\])(ld|CMAKE_LINK_STARTFILE-NOTFOUND|([^/\]+-)?ld|collect2)[^/\]*( |$)]
  ignore line: [Change Dir: /global/home/users/pmundra/graph-dp/build/CMakeFiles/CMakeTmp]
  ignore line: []
  ignore line: [Run Build Command(s):/global/home/groups/consultsw/sl-7.x86_64/modules/make/4.1.90/bin/gmake -f Makefile cmTC_d3c54/fast && /global/home/groups/consultsw/sl-7.x86_64/modules/make/4.1.90/bin/gmake  -f CMakeFiles/cmTC_d3c54.dir/build.make CMakeFiles/cmTC_d3c54.dir/build]
  ignore line: [gmake[1]: Entering directory '/global/home/users/pmundra/graph-dp/build/CMakeFiles/CMakeTmp']
  ignore line: [Building CXX object CMakeFiles/cmTC_d3c54.dir/CMakeCXXCompilerABI.cpp.o]
  ignore line: [/global/software/sl-7.x86_64/modules/langs/gcc/12.1.0/bin/g++   -v -o CMakeFiles/cmTC_d3c54.dir/CMakeCXXCompilerABI.cpp.o -c /global/home/groups/consultsw/sl-7.x86_64/modules/cmake/3.22.0/share/cmake-3.22/Modules/CMakeCXXCompilerABI.cpp]
  ignore line: [Using built-in specs.]
  ignore line: [COLLECT_GCC=/global/software/sl-7.x86_64/modules/langs/gcc/12.1.0/bin/g++]
  ignore line: [Target: x86_64-pc-linux-gnu]
  ignore line: [Configured with: ./configure --prefix=/global/software/sl-7.x86_64/modules/langs/gcc/12.1.0 --disable-multilib]
  ignore line: [Thread model: posix]
  ignore line: [Supported LTO compression algorithms: zlib]
  ignore line: [gcc version 12.1.0 (GCC) ]
  ignore line: [COLLECT_GCC_OPTIONS='-v' '-o' 'CMakeFiles/cmTC_d3c54.dir/CMakeCXXCompilerABI.cpp.o' '-c' '-shared-libgcc' '-mtune=generic' '-march=x86-64' '-dumpdir' 'CMakeFiles/cmTC_d3c54.dir/']
  ignore line: [ /global/software/sl-7.x86_64/modules/langs/gcc/12.1.0/libexec/gcc/x86_64-pc-linux-gnu/12.1.0/cc1plus -quiet -v -D_GNU_SOURCE /global/home/groups/consultsw/sl-7.x86_64/modules/cmake/3.22.0/share/cmake-3.22/Modules/CMakeCXXCompilerABI.cpp -quiet -dumpdir CMakeFiles/cmTC_d3c54.dir/ -dumpbase CMakeCXXCompilerABI.cpp.cpp -dumpbase-ext .cpp -mtune=generic -march=x86-64 -version -o /tmp/cc8Kg9Jy.s]
  ignore line: [GNU C++17 (GCC) version 12.1.0 (x86_64-pc-linux-gnu)]
  ignore line: [	compiled by GNU C version 12.1.0  GMP version 6.0.0  MPFR version 3.1.1  MPC version 1.0.1  isl version none]
  ignore line: [GGC heuristics: --param ggc-min-expand=100 --param ggc-min-heapsize=131072]
  ignore line: [ignoring nonexistent directory "/global/software/sl-7.x86_64/modules/langs/gcc/12.1.0/lib/gcc/x86_64-pc-linux-gnu/12.1.0/../../../../x86_64-pc-linux-gnu/include"]
  ignore line: [ignoring duplicate directory "/global/software/sl-7.x86_64/modules/langs/gcc/12.1.0/include"]
  ignore line: [  as it is a non-system directory that duplicates a system directory]
  ignore line: [ignoring nonexistent directory "/global/home/groups/consultsw/sl-7.x86_64/modules/cmake/3.22.0//include"]
  ignore line: [#include "..." search starts here:]
  ignore line: [#include <...> search starts here:]
  ignore line: [ /global/software/sl-7.x86_64/modules/gcc/12.1.0/openmpi/4.1.4/include]
  ignore line: [ /global/home/groups/consultsw/sl-7.x86_64/modules/make/4.1.90//include]
  ignore line: [ /global/software/sl-7.x86_64/modules/langs/gcc/12.1.0/lib/gcc/x86_64-pc-linux-gnu/12.1.0/../../../../include/c++/12.1.0]
  ignore line: [ /global/software/sl-7.x86_64/modules/langs/gcc/12.1.0/lib/gcc/x86_64-pc-linux-gnu/12.1.0/../../../../include/c++/12.1.0/x86_64-pc-linux-gnu]
  ignore line: [ /global/software/sl-7.x86_64/modules/langs/gcc/12.1.0/lib/gcc/x86_64-pc-linux-gnu/12.1.0/../../../../include/c++/12.1.0/backward]
  ignore line: [ /global/software/sl-7.x86_64/modules/langs/gcc/12.1.0/lib/gcc/x86_64-pc-linux-gnu/12.1.0/include]
  ignore line: [ /usr/local/include]
  ignore line: [ /global/software/sl-7.x86_64/modules/langs/gcc/12.1.0/include]
  ignore line: [ /global/software/sl-7.x86_64/modules/langs/gcc/12.1.0/lib/gcc/x86_64-pc-linux-gnu/12.1.0/include-fixed]
  ignore line: [ /usr/include]
  ignore line: [End of search list.]
  ignore line: [GNU C++17 (GCC) version 12.1.0 (x86_64-pc-linux-gnu)]
  ignore line: [	compiled by GNU C version 12.1.0  GMP version 6.0.0  MPFR version 3.1.1  MPC version 1.0.1  isl version none]
  ignore line: [GGC heuristics: --param ggc-min-expand=100 --param ggc-min-heapsize=131072]
  ignore line: [Compiler executable checksum: 8887471549f43b9edd7d8e1e3e55bcd0]
  ignore line: [COLLECT_GCC_OPTIONS='-v' '-o' 'CMakeFiles/cmTC_d3c54.dir/CMakeCXXCompilerABI.cpp.o' '-c' '-shared-libgcc' '-mtune=generic' '-march=x86-64' '-dumpdir' 'CMakeFiles/cmTC_d3c54.dir/']
  ignore line: [ as -v --64 -o CMakeFiles/cmTC_d3c54.dir/CMakeCXXCompilerABI.cpp.o /tmp/cc8Kg9Jy.s]
  ignore line: [GNU assembler version 2.27 (x86_64-redhat-linux) using BFD version version 2.27-44.base.el7_9.1]
  ignore line: [COMPILER_PATH=/global/software/sl-7.x86_64/modules/langs/gcc/12.1.0/libexec/gcc/x86_64-pc-linux-gnu/12.1.0/:/global/software/sl-7.x86_64/modules/langs/gcc/12.1.0/libexec/gcc/x86_64-pc-linux-gnu/12.1.0/:/global/software/sl-7.x86_64/modules/langs/gcc/12.1.0/libexec/gcc/x86_64-pc-linux-gnu/:/global/software/sl-7.x86_64/modules/langs/gcc/12.1.0/lib/gcc/x86_64-pc-linux-gnu/12.1.0/:/global/software/sl-7.x86_64/modules/langs/gcc/12.1.0/lib/gcc/x86_64-pc-linux-gnu/]
  ignore line: [LIBRARY_PATH=/global/software/sl-7.x86_64/modules/langs/gcc/12.1.0/lib64/../lib64/:/global/software/sl-7.x86_64/modules/langs/gcc/12.1.0/lib/gcc/x86_64-pc-linux-gnu/12.1.0/:/global/software/sl-7.x86_64/modules/langs/gcc/12.1.0/lib/gcc/x86_64-pc-linux-gnu/12.1.0/../../../../lib64/:/lib/../lib64/:/usr/lib/../lib64/:/global/software/sl-7.x86_64/modules/gcc/12.1.0/openmpi/4.1.4/lib/:/global/software/sl-7.x86_64/modules/langs/gcc/12.1.0/lib64/:/global/software/sl-7.x86_64/modules/langs/gcc/12.1.0/lib/gcc/x86_64-pc-linux-gnu/12.1.0/../../../:/lib/:/usr/lib/]
  ignore line: [COLLECT_GCC_OPTIONS='-v' '-o' 'CMakeFiles/cmTC_d3c54.dir/CMakeCXXCompilerABI.cpp.o' '-c' '-shared-libgcc' '-mtune=generic' '-march=x86-64' '-dumpdir' 'CMakeFiles/cmTC_d3c54.dir/CMakeCXXCompilerABI.cpp.']
  ignore line: [Linking CXX executable cmTC_d3c54]
  ignore line: [/global/home/groups/consultsw/sl-7.x86_64/modules/cmake/3.22.0/bin/cmake -E cmake_link_script CMakeFiles/cmTC_d3c54.dir/link.txt --verbose=1]
  ignore line: [/global/software/sl-7.x86_64/modules/langs/gcc/12.1.0/bin/g++  -v CMakeFiles/cmTC_d3c54.dir/CMakeCXXCompilerABI.cpp.o -o cmTC_d3c54 ]
  ignore line: [Using built-in specs.]
  ignore line: [COLLECT_GCC=/global/software/sl-7.x86_64/modules/langs/gcc/12.1.0/bin/g++]
  ignore line: [COLLECT_LTO_WRAPPER=/global/software/sl-7.x86_64/modules/langs/gcc/12.1.0/libexec/gcc/x86_64-pc-linux-gnu/12.1.0/lto-wrapper]
  ignore line: [Target: x86_64-pc-linux-gnu]
  ignore line: [Configured with: ./configure --prefix=/global/software/sl-7.x86_64/modules/langs/gcc/12.1.0 --disable-multilib]
  ignore line: [Thread model: posix]
  ignore line: [Supported LTO compression algorithms: zlib]
  ignore line: [gcc version 12.1.0 (GCC) ]
  ignore line: [COMPILER_PATH=/global/software/sl-7.x86_64/modules/langs/gcc/12.1.0/libexec/gcc/x86_64-pc-linux-gnu/12.1.0/:/global/software/sl-7.x86_64/modules/langs/gcc/12.1.0/libexec/gcc/x86_64-pc-linux-gnu/12.1.0/:/global/software/sl-7.x86_64/modules/langs/gcc/12.1.0/libexec/gcc/x86_64-pc-linux-gnu/:/global/software/sl-7.x86_64/modules/langs/gcc/12.1.0/lib/gcc/x86_64-pc-linux-gnu/12.1.0/:/global/software/sl-7.x86_64/modules/langs/gcc/12.1.0/lib/gcc/x86_64-pc-linux-gnu/]
  ignore line: [LIBRARY_PATH=/global/software/sl-7.x86_64/modules/langs/gcc/12.1.0/lib64/../lib64/:/global/software/sl-7.x86_64/modules/langs/gcc/12.1.0/lib/gcc/x86_64-pc-linux-gnu/12.1.0/:/global/software/sl-7.x86_64/modules/langs/gcc/12.1.0/lib/gcc/x86_64-pc-linux-gnu/12.1.0/../../../../lib64/:/lib/../lib64/:/usr/lib/../lib64/:/global/software/sl-7.x86_64/modules/gcc/12.1.0/openmpi/4.1.4/lib/:/global/software/sl-7.x86_64/modules/langs/gcc/12.1.0/lib64/:/global/software/sl-7.x86_64/modules/langs/gcc/12.1.0/lib/gcc/x86_64-pc-linux-gnu/12.1.0/../../../:/lib/:/usr/lib/]
  ignore line: [COLLECT_GCC_OPTIONS='-v' '-o' 'cmTC_d3c54' '-shared-libgcc' '-mtune=generic' '-march=x86-64' '-dumpdir' 'cmTC_d3c54.']
  link line: [ /global/software/sl-7.x86_64/modules/langs/gcc/12.1.0/libexec/gcc/x86_64-pc-linux-gnu/12.1.0/collect2 -plugin /global/software/sl-7.x86_64/modules/langs/gcc/12.1.0/libexec/gcc/x86_64-pc-linux-gnu/12.1.0/liblto_plugin.so -plugin-opt=/global/software/sl-7.x86_64/modules/langs/gcc/12.1.0/libexec/gcc/x86_64-pc-linux-gnu/12.1.0/lto-wrapper -plugin-opt=-fresolution=/tmp/ccFYXaTB.res -plugin-opt=-pass-through=-lgcc_s -plugin-opt=-pass-through=-lgcc -plugin-opt=-pass-through=-lc -plugin-opt=-pass-through=-lgcc_s -plugin-opt=-pass-through=-lgcc --eh-frame-hdr -m elf_x86_64 -dynamic-linker /lib64/ld-linux-x86-64.so.2 -o cmTC_d3c54 /lib/../lib64/crt1.o /lib/../lib64/crti.o /global/software/sl-7.x86_64/modules/langs/gcc/12.1.0/lib/gcc/x86_64-pc-linux-gnu/12.1.0/crtbegin.o -L/global/software/sl-7.x86_64/modules/langs/gcc/12.1.0/lib64/../lib64 -L/global/software/sl-7.x86_64/modules/langs/gcc/12.1.0/lib/gcc/x86_64-pc-linux-gnu/12.1.0 -L/global/software/sl-7.x86_64/modules/langs/gcc/12.1.0/lib/gcc/x86_64-pc-linux-gnu/12.1.0/../../../../lib64 -L/lib/../lib64 -L/usr/lib/../lib64 -L/global/software/sl-7.x86_64/modules/gcc/12.1.0/openmpi/4.1.4/lib -L/global/software/sl-7.x86_64/modules/langs/gcc/12.1.0/lib64 -L/global/software/sl-7.x86_64/modules/langs/gcc/12.1.0/lib/gcc/x86_64-pc-linux-gnu/12.1.0/../../.. CMakeFiles/cmTC_d3c54.dir/CMakeCXXCompilerABI.cpp.o -lstdc++ -lm -lgcc_s -lgcc -lc -lgcc_s -lgcc /global/software/sl-7.x86_64/modules/langs/gcc/12.1.0/lib/gcc/x86_64-pc-linux-gnu/12.1.0/crtend.o /lib/../lib64/crtn.o]
    arg [/global/software/sl-7.x86_64/modules/langs/gcc/12.1.0/libexec/gcc/x86_64-pc-linux-gnu/12.1.0/collect2] ==> ignore
    arg [-plugin] ==> ignore
    arg [/global/software/sl-7.x86_64/modules/langs/gcc/12.1.0/libexec/gcc/x86_64-pc-linux-gnu/12.1.0/liblto_plugin.so] ==> ignore
    arg [-plugin-opt=/global/software/sl-7.x86_64/modules/langs/gcc/12.1.0/libexec/gcc/x86_64-pc-linux-gnu/12.1.0/lto-wrapper] ==> ignore
    arg [-plugin-opt=-fresolution=/tmp/ccFYXaTB.res] ==> ignore
    arg [-plugin-opt=-pass-through=-lgcc_s] ==> ignore
    arg [-plugin-opt=-pass-through=-lgcc] ==> ignore
    arg [-plugin-opt=-pass-through=-lc] ==> ignore
    arg [-plugin-opt=-pass-through=-lgcc_s] ==> ignore
    arg [-plugin-opt=-pass-through=-lgcc] ==> ignore
    arg [--eh-frame-hdr] ==> ignore
    arg [-m] ==> ignore
    arg [elf_x86_64] ==> ignore
    arg [-dynamic-linker] ==> ignore
    arg [/lib64/ld-linux-x86-64.so.2] ==> ignore
    arg [-o] ==> ignore
    arg [cmTC_d3c54] ==> ignore
    arg [/lib/../lib64/crt1.o] ==> obj [/lib/../lib64/crt1.o]
    arg [/lib/../lib64/crti.o] ==> obj [/lib/../lib64/crti.o]
    arg [/global/software/sl-7.x86_64/modules/langs/gcc/12.1.0/lib/gcc/x86_64-pc-linux-gnu/12.1.0/crtbegin.o] ==> obj [/global/software/sl-7.x86_64/modules/langs/gcc/12.1.0/lib/gcc/x86_64-pc-linux-gnu/12.1.0/crtbegin.o]
    arg [-L/global/software/sl-7.x86_64/modules/langs/gcc/12.1.0/lib64/../lib64] ==> dir [/global/software/sl-7.x86_64/modules/langs/gcc/12.1.0/lib64/../lib64]
    arg [-L/global/software/sl-7.x86_64/modules/langs/gcc/12.1.0/lib/gcc/x86_64-pc-linux-gnu/12.1.0] ==> dir [/global/software/sl-7.x86_64/modules/langs/gcc/12.1.0/lib/gcc/x86_64-pc-linux-gnu/12.1.0]
    arg [-L/global/software/sl-7.x86_64/modules/langs/gcc/12.1.0/lib/gcc/x86_64-pc-linux-gnu/12.1.0/../../../../lib64] ==> dir [/global/software/sl-7.x86_64/modules/langs/gcc/12.1.0/lib/gcc/x86_64-pc-linux-gnu/12.1.0/../../../../lib64]
    arg [-L/lib/../lib64] ==> dir [/lib/../lib64]
    arg [-L/usr/lib/../lib64] ==> dir [/usr/lib/../lib64]
    arg [-L/global/software/sl-7.x86_64/modules/gcc/12.1.0/openmpi/4.1.4/lib] ==> dir [/global/software/sl-7.x86_64/modules/gcc/12.1.0/openmpi/4.1.4/lib]
    arg [-L/global/software/sl-7.x86_64/modules/langs/gcc/12.1.0/lib64] ==> dir [/global/software/sl-7.x86_64/modules/langs/gcc/12.1.0/lib64]
    arg [-L/global/software/sl-7.x86_64/modules/langs/gcc/12.1.0/lib/gcc/x86_64-pc-linux-gnu/12.1.0/../../..] ==> dir [/global/software/sl-7.x86_64/modules/langs/gcc/12.1.0/lib/gcc/x86_64-pc-linux-gnu/12.1.0/../../..]
    arg [CMakeFiles/cmTC_d3c54.dir/CMakeCXXCompilerABI.cpp.o] ==> ignore
    arg [-lstdc++] ==> lib [stdc++]
    arg [-lm] ==> lib [m]
    arg [-lgcc_s] ==> lib [gcc_s]
    arg [-lgcc] ==> lib [gcc]
    arg [-lc] ==> lib [c]
    arg [-lgcc_s] ==> lib [gcc_s]
    arg [-lgcc] ==> lib [gcc]
    arg [/global/software/sl-7.x86_64/modules/langs/gcc/12.1.0/lib/gcc/x86_64-pc-linux-gnu/12.1.0/crtend.o] ==> obj [/global/software/sl-7.x86_64/modules/langs/gcc/12.1.0/lib/gcc/x86_64-pc-linux-gnu/12.1.0/crtend.o]
    arg [/lib/../lib64/crtn.o] ==> obj [/lib/../lib64/crtn.o]
  collapse obj [/lib/../lib64/crt1.o] ==> [/lib64/crt1.o]
  collapse obj [/lib/../lib64/crti.o] ==> [/lib64/crti.o]
  collapse obj [/lib/../lib64/crtn.o] ==> [/lib64/crtn.o]
  collapse library dir [/global/software/sl-7.x86_64/modules/langs/gcc/12.1.0/lib64/../lib64] ==> [/global/software/sl-7.x86_64/modules/langs/gcc/12.1.0/lib64]
  collapse library dir [/global/software/sl-7.x86_64/modules/langs/gcc/12.1.0/lib/gcc/x86_64-pc-linux-gnu/12.1.0] ==> [/global/software/sl-7.x86_64/modules/langs/gcc/12.1.0/lib/gcc/x86_64-pc-linux-gnu/12.1.0]
  collapse library dir [/global/software/sl-7.x86_64/modules/langs/gcc/12.1.0/lib/gcc/x86_64-pc-linux-gnu/12.1.0/../../../../lib64] ==> [/global/software/sl-7.x86_64/modules/langs/gcc/12.1.0/lib64]
  collapse library dir [/lib/../lib64] ==> [/lib64]
  collapse library dir [/usr/lib/../lib64] ==> [/usr/lib64]
  collapse library dir [/global/software/sl-7.x86_64/modules/gcc/12.1.0/openmpi/4.1.4/lib] ==> [/global/software/sl-7.x86_64/modules/gcc/12.1.0/openmpi/4.1.4/lib]
  collapse library dir [/global/software/sl-7.x86_64/modules/langs/gcc/12.1.0/lib64] ==> [/global/software/sl-7.x86_64/modules/langs/gcc/12.1.0/lib64]
  collapse library dir [/global/software/sl-7.x86_64/modules/langs/gcc/12.1.0/lib/gcc/x86_64-pc-linux-gnu/12.1.0/../../..] ==> [/global/software/sl-7.x86_64/modules/langs/gcc/12.1.0/lib]
  implicit libs: [stdc++;m;gcc_s;gcc;c;gcc_s;gcc]
  implicit objs: [/lib64/crt1.o;/lib64/crti.o;/global/software/sl-7.x86_64/modules/langs/gcc/12.1.0/lib/gcc/x86_64-pc-linux-gnu/12.1.0/crtbegin.o;/global/software/sl-7.x86_64/modules/langs/gcc/12.1.0/lib/gcc/x86_64-pc-linux-gnu/12.1.0/crtend.o;/lib64/crtn.o]
  implicit dirs: [/global/software/sl-7.x86_64/modules/langs/gcc/12.1.0/lib64;/global/software/sl-7.x86_64/modules/langs/gcc/12.1.0/lib/gcc/x86_64-pc-linux-gnu/12.1.0;/lib64;/usr/lib64;/global/software/sl-7.x86_64/modules/gcc/12.1.0/openmpi/4.1.4/lib;/global/software/sl-7.x86_64/modules/langs/gcc/12.1.0/lib]
  implicit fwks: []


Performing C++ SOURCE FILE Test ABSL_INTERNAL_AT_LEAST_CXX17 succeeded with the following output:
Change Dir: /global/home/users/pmundra/graph-dp/build/CMakeFiles/CMakeTmp

Run Build Command(s):/global/home/groups/consultsw/sl-7.x86_64/modules/make/4.1.90/bin/gmake -f Makefile cmTC_a180f/fast && /global/home/groups/consultsw/sl-7.x86_64/modules/make/4.1.90/bin/gmake  -f CMakeFiles/cmTC_a180f.dir/build.make CMakeFiles/cmTC_a180f.dir/build
gmake[1]: Entering directory '/global/home/users/pmundra/graph-dp/build/CMakeFiles/CMakeTmp'
Building CXX object CMakeFiles/cmTC_a180f.dir/src.cxx.o
/global/software/sl-7.x86_64/modules/langs/gcc/12.1.0/bin/g++ -DABSL_INTERNAL_AT_LEAST_CXX17   -o CMakeFiles/cmTC_a180f.dir/src.cxx.o -c /global/home/users/pmundra/graph-dp/build/CMakeFiles/CMakeTmp/src.cxx
Linking CXX executable cmTC_a180f
/global/home/groups/consultsw/sl-7.x86_64/modules/cmake/3.22.0/bin/cmake -E cmake_link_script CMakeFiles/cmTC_a180f.dir/link.txt --verbose=1
/global/software/sl-7.x86_64/modules/langs/gcc/12.1.0/bin/g++ CMakeFiles/cmTC_a180f.dir/src.cxx.o -o cmTC_a180f 
gmake[1]: Leaving directory '/global/home/users/pmundra/graph-dp/build/CMakeFiles/CMakeTmp'


Source file was:
#ifdef _MSC_VER
#  if _MSVC_LANG < 201700L
#    error "The compiler defaults or is configured for C++ < 17"
#  endif
#elif __cplusplus < 201700L
#  error "The compiler defaults or is configured for C++ < 17"
#endif
int main() { return 0; }

Determining if the include file pthread.h exists passed with the following output:
Change Dir: /global/home/users/pmundra/graph-dp/build/CMakeFiles/CMakeTmp

Run Build Command(s):/global/home/groups/consultsw/sl-7.x86_64/modules/make/4.1.90/bin/gmake -f Makefile cmTC_294e5/fast && /global/home/groups/consultsw/sl-7.x86_64/modules/make/4.1.90/bin/gmake  -f CMakeFiles/cmTC_294e5.dir/build.make CMakeFiles/cmTC_294e5.dir/build
gmake[1]: Entering directory '/global/home/users/pmundra/graph-dp/build/CMakeFiles/CMakeTmp'
Building C object CMakeFiles/cmTC_294e5.dir/CheckIncludeFile.c.o
/global/software/sl-7.x86_64/modules/langs/gcc/12.1.0/bin/gcc    -o CMakeFiles/cmTC_294e5.dir/CheckIncludeFile.c.o -c /global/home/users/pmundra/graph-dp/build/CMakeFiles/CMakeTmp/CheckIncludeFile.c
Linking C executable cmTC_294e5
/global/home/groups/consultsw/sl-7.x86_64/modules/cmake/3.22.0/bin/cmake -E cmake_link_script CMakeFiles/cmTC_294e5.dir/link.txt --verbose=1
/global/software/sl-7.x86_64/modules/langs/gcc/12.1.0/bin/gcc CMakeFiles/cmTC_294e5.dir/CheckIncludeFile.c.o -o cmTC_294e5 
gmake[1]: Leaving directory '/global/home/users/pmundra/graph-dp/build/CMakeFiles/CMakeTmp'



Determining if the function pthread_create exists in the pthread passed with the following output:
Change Dir: /global/home/users/pmundra/graph-dp/build/CMakeFiles/CMakeTmp

Run Build Command(s):/global/home/groups/consultsw/sl-7.x86_64/modules/make/4.1.90/bin/gmake -f Makefile cmTC_bc13a/fast && /global/home/groups/consultsw/sl-7.x86_64/modules/make/4.1.90/bin/gmake  -f CMakeFiles/cmTC_bc13a.dir/build.make CMakeFiles/cmTC_bc13a.dir/build
gmake[1]: Entering directory '/global/home/users/pmundra/graph-dp/build/CMakeFiles/CMakeTmp'
Building C object CMakeFiles/cmTC_bc13a.dir/CheckFunctionExists.c.o
/global/software/sl-7.x86_64/modules/langs/gcc/12.1.0/bin/gcc   -DCHECK_FUNCTION_EXISTS=pthread_create -o CMakeFiles/cmTC_bc13a.dir/CheckFunctionExists.c.o -c /global/home/groups/consultsw/sl-7.x86_64/modules/cmake/3.22.0/share/cmake-3.22/Modules/CheckFunctionExists.c
Linking C executable cmTC_bc13a
/global/home/groups/consultsw/sl-7.x86_64/modules/cmake/3.22.0/bin/cmake -E cmake_link_script CMakeFiles/cmTC_bc13a.dir/link.txt --verbose=1
/global/software/sl-7.x86_64/modules/langs/gcc/12.1.0/bin/gcc  -DCHECK_FUNCTION_EXISTS=pthread_create CMakeFiles/cmTC_bc13a.dir/CheckFunctionExists.c.o -o cmTC_bc13a  -lpthread 
gmake[1]: Leaving directory '/global/home/users/pmundra/graph-dp/build/CMakeFiles/CMakeTmp'



